Using pre-set license
Built from '2021.3/staging' branch; Version is '2021.3.2f1 (d6360bedb9a0) revision 14038539'; Using compiler version '192829333'; Build Type 'Release'
OS: 'Windows 10  (10.0.19044) 64bit Professional' Language: 'en' Physical Memory: 7369 MB
BatchMode: 1, IsHumanControllingUs: 0, StartBugReporterOnCrash: 0, Is64bit: 1, IsPro: 1

COMMAND LINE ARGUMENTS:
C:\Program Files\Unity\Hub\Editor\2021.3.2f1\Editor\Unity.exe
-adb2
-batchMode
-noUpm
-name
AssetImportWorker0
-projectPath
E:/Mustafa/study/level_4_2/SoftwareEng/project/ZooGame
-logFile
Logs/AssetImportWorker0.log
-srvPort
58450
Successfully changed project path to: E:/Mustafa/study/level_4_2/SoftwareEng/project/ZooGame
E:/Mustafa/study/level_4_2/SoftwareEng/project/ZooGame
[UnityMemory] Configuration Parameters - Can be set up in boot.config
    "memorysetup-bucket-allocator-granularity=16"
    "memorysetup-bucket-allocator-bucket-count=8"
    "memorysetup-bucket-allocator-block-size=33554432"
    "memorysetup-bucket-allocator-block-count=8"
    "memorysetup-main-allocator-block-size=16777216"
    "memorysetup-thread-allocator-block-size=16777216"
    "memorysetup-gfx-main-allocator-block-size=16777216"
    "memorysetup-gfx-thread-allocator-block-size=16777216"
    "memorysetup-cache-allocator-block-size=4194304"
    "memorysetup-typetree-allocator-block-size=2097152"
    "memorysetup-profiler-bucket-allocator-granularity=16"
    "memorysetup-profiler-bucket-allocator-bucket-count=8"
    "memorysetup-profiler-bucket-allocator-block-size=33554432"
    "memorysetup-profiler-bucket-allocator-block-count=8"
    "memorysetup-profiler-allocator-block-size=16777216"
    "memorysetup-profiler-editor-allocator-block-size=1048576"
    "memorysetup-temp-allocator-size-main=16777216"
    "memorysetup-job-temp-allocator-block-size=2097152"
    "memorysetup-job-temp-allocator-block-size-background=1048576"
    "memorysetup-job-temp-allocator-reduction-small-platforms=262144"
    "memorysetup-temp-allocator-size-background-worker=32768"
    "memorysetup-temp-allocator-size-job-worker=262144"
    "memorysetup-temp-allocator-size-preload-manager=33554432"
    "memorysetup-temp-allocator-size-nav-mesh-worker=65536"
    "memorysetup-temp-allocator-size-audio-worker=65536"
    "memorysetup-temp-allocator-size-cloud-worker=32768"
    "memorysetup-temp-allocator-size-gi-baking-worker=262144"
    "memorysetup-temp-allocator-size-gfx=262144"
Refreshing native plugins compatible for Editor in 83.86 ms, found 2 plugins.
Preloading 0 native plugins for Editor in 0.00 ms.
Initialize engine version: 2021.3.2f1 (d6360bedb9a0)
[Subsystems] Discovering subsystems at path C:/Program Files/Unity/Hub/Editor/2021.3.2f1/Editor/Data/Resources/UnitySubsystems
[Subsystems] Discovering subsystems at path E:/Mustafa/study/level_4_2/SoftwareEng/project/ZooGame/Assets
GfxDevice: creating device client; threaded=0; jobified=0
Direct3D:
    Version:  Direct3D 11.0 [level 11.0]
    Renderer: AMD Radeon HD 8650G (ID=0x990b)
    Vendor:   ATI
    VRAM:     736 MB
    Driver:   15.201.1301.0
Initialize mono
Mono path[0] = 'C:/Program Files/Unity/Hub/Editor/2021.3.2f1/Editor/Data/Managed'
Mono path[1] = 'C:/Program Files/Unity/Hub/Editor/2021.3.2f1/Editor/Data/MonoBleedingEdge/lib/mono/unityjit-win32'
Mono config path = 'C:/Program Files/Unity/Hub/Editor/2021.3.2f1/Editor/Data/MonoBleedingEdge/etc'
Using monoOptions --debugger-agent=transport=dt_socket,embedding=1,server=y,suspend=n,address=127.0.0.1:56744
Begin MonoManager ReloadAssembly
Registering precompiled unity dll's ...
Register platform support module: C:/Program Files/Unity/Hub/Editor/2021.3.2f1/Editor/Data/PlaybackEngines/WindowsStandaloneSupport/UnityEditor.WindowsStandalone.Extensions.dll
Register platform support module: C:/Program Files/Unity/Hub/Editor/2021.3.2f1/Editor/Data/PlaybackEngines/MetroSupport/UnityEditor.UWP.Extensions.dll
Registered in 0.032447 seconds.
Native extension for UWP target not found
Native extension for WindowsStandalone target not found
Refreshing native plugins compatible for Editor in 89.43 ms, found 2 plugins.
Preloading 0 native plugins for Editor in 0.00 ms.
Mono: successfully reloaded assembly
- Completed reload, in  1.942 seconds
Domain Reload Profiling:
	ReloadAssembly (1943ms)
		BeginReloadAssembly (282ms)
			ExecutionOrderSort (0ms)
			DisableScriptedObjects (0ms)
			BackupInstance (0ms)
			ReleaseScriptingObjects (0ms)
			CreateAndSetChildDomain (2ms)
		EndReloadAssembly (1250ms)
			LoadAssemblies (274ms)
			RebuildTransferFunctionScriptingTraits (0ms)
			SetupTypeCache (496ms)
			ReleaseScriptCaches (0ms)
			RebuildScriptCaches (78ms)
			SetupLoadedEditorAssemblies (540ms)
				LogAssemblyErrors (0ms)
				InitializePlatformSupportModulesInManaged (26ms)
				SetLoadedEditorAssemblies (0ms)
				RefreshPlugins (90ms)
				BeforeProcessingInitializeOnLoad (3ms)
				ProcessInitializeOnLoadAttributes (305ms)
				ProcessInitializeOnLoadMethodAttributes (115ms)
				AfterProcessingInitializeOnLoad (0ms)
				EditorAssembliesLoaded (0ms)
			ExecutionOrderSort2 (0ms)
			AwakeInstancesAfterBackupRestoration (0ms)
Platform modules already initialized, skipping
Registering precompiled user dll's ...
Registered in 0.007511 seconds.
Begin MonoManager ReloadAssembly
Native extension for UWP target not found
Native extension for WindowsStandalone target not found
Refreshing native plugins compatible for Editor in 102.42 ms, found 2 plugins.
Preloading 0 native plugins for Editor in 0.00 ms.
Mono: successfully reloaded assembly
- Completed reload, in  2.784 seconds
Domain Reload Profiling:
	ReloadAssembly (2786ms)
		BeginReloadAssembly (288ms)
			ExecutionOrderSort (0ms)
			DisableScriptedObjects (25ms)
			BackupInstance (0ms)
			ReleaseScriptingObjects (0ms)
			CreateAndSetChildDomain (41ms)
		EndReloadAssembly (2218ms)
			LoadAssemblies (176ms)
			RebuildTransferFunctionScriptingTraits (0ms)
			SetupTypeCache (543ms)
			ReleaseScriptCaches (1ms)
			RebuildScriptCaches (210ms)
			SetupLoadedEditorAssemblies (1109ms)
				LogAssemblyErrors (0ms)
				InitializePlatformSupportModulesInManaged (21ms)
				SetLoadedEditorAssemblies (0ms)
				RefreshPlugins (103ms)
				BeforeProcessingInitializeOnLoad (162ms)
				ProcessInitializeOnLoadAttributes (737ms)
				ProcessInitializeOnLoadMethodAttributes (62ms)
				AfterProcessingInitializeOnLoad (24ms)
				EditorAssembliesLoaded (0ms)
			ExecutionOrderSort2 (0ms)
			AwakeInstancesAfterBackupRestoration (13ms)
Platform modules already initialized, skipping
========================================================================
Worker process is ready to serve import requests
Launched and connected shader compiler UnityShaderCompiler.exe after 0.29 seconds
Refreshing native plugins compatible for Editor in 8.26 ms, found 2 plugins.
Preloading 0 native plugins for Editor in 0.00 ms.
Unloading 2185 Unused Serialized files (Serialized files now loaded: 0)
Unloading 36 unused Assets / (130.0 KB). Loaded Objects now: 2669.
Memory consumption went from 105.4 MB to 105.2 MB.
Total: 9.466300 ms (FindLiveObjects: 0.371100 ms CreateObjectMapping: 0.151100 ms MarkObjects: 8.650500 ms  DeleteObjects: 0.290300 ms)

AssetImportParameters requested are different than current active one (requested -> active):
  custom:video-decoder-ogg-theora: a1e56fd34408186e4bbccfd4996cb3dc -> 
  custom:container-muxer-webm: aa71ff27fc2769a1b78a27578f13a17b -> 
  custom:container-demuxer-webm: 4f35f7cbe854078d1ac9338744f61a02 -> 
  custom:video-encoder-webm-vp8: eb34c28f22e8b96e1ab97ce403110664 -> 
  custom:audio-encoder-webm-vorbis: bf7c407c2cedff20999df2af8eb42d56 -> 
  custom:framework-win-MediaFoundation: 216162199b28c13a410421893ffa2e32 -> 
  custom:container-demuxer-ogg: 62fdf1f143b41e24485cea50d1cbac27 -> 
  custom:video-decoder-webm-vp8: 9c59270c3fd7afecdb556c50c9e8de78 -> 
  custom:audio-decoder-ogg-vorbis: bf7c407c2cedff20999df2af8eb42d56 -> 
========================================================================
Received Import Request.
  Time since last request: 179817.472098 seconds.
  path: Assets/Rain
  artifactKey: Guid(06ea045ad0785334a947ff32d2e38e98) Importer(815301076,1909f56bfc062723c751e8b465ee728b)
Start importing Assets/Rain using Guid(06ea045ad0785334a947ff32d2e38e98) Importer(815301076,1909f56bfc062723c751e8b465ee728b)  -> (artifact id: '6cf357f1df32ed22071773daf7bcec5a') in 0.041227 seconds 
========================================================================
Received Import Request.
  Time since last request: 0.015998 seconds.
  path: Assets
  artifactKey: Guid(00000000000000001000000000000000) Importer(815301076,1909f56bfc062723c751e8b465ee728b)
Start importing Assets using Guid(00000000000000001000000000000000) Importer(815301076,1909f56bfc062723c751e8b465ee728b)  -> (artifact id: '79842766b460edbeab6a34051e857a80') in 0.019199 seconds 
========================================================================
Received Import Request.
  Time since last request: 0.000879 seconds.
  path: Assets/Rain/RainMat.mat
  artifactKey: Guid(6eaea88139ab91e42986f342921d16b9) Importer(815301076,1909f56bfc062723c751e8b465ee728b)
Start importing Assets/Rain/RainMat.mat using Guid(6eaea88139ab91e42986f342921d16b9) Importer(815301076,1909f56bfc062723c751e8b465ee728b)  -> (artifact id: '84260cd08f48d8ef71318ad1f251d36f') in 0.391499 seconds 
========================================================================
Received Import Request.
  Time since last request: 0.000052 seconds.
  path: Assets/Rain/Ripple.png
  artifactKey: Guid(e6fc092ac586e1f4c8ca415dc8436462) Importer(815301076,1909f56bfc062723c751e8b465ee728b)
Start importing Assets/Rain/Ripple.png using Guid(e6fc092ac586e1f4c8ca415dc8436462) Importer(815301076,1909f56bfc062723c751e8b465ee728b)  -> (artifact id: '657780d0fa34ae4f0356da34b66eba62') in 0.178377 seconds 
========================================================================
Received Import Request.
  Time since last request: 3.676149 seconds.
  path: Assets/umperela
  artifactKey: Guid(a47b48e509d615b42b06adb786381349) Importer(815301076,1909f56bfc062723c751e8b465ee728b)
Start importing Assets/umperela using Guid(a47b48e509d615b42b06adb786381349) Importer(815301076,1909f56bfc062723c751e8b465ee728b)  -> (artifact id: '1a849b5a83d8e11586b8309802f5eab8') in 0.022804 seconds 
========================================================================
Received Import Request.
  Time since last request: 0.059031 seconds.
  path: Assets/umperela/fKeyImage.png
  artifactKey: Guid(6081b3e4b1c76f74bb7fe6f9bb5868ad) Importer(815301076,1909f56bfc062723c751e8b465ee728b)
Start importing Assets/umperela/fKeyImage.png using Guid(6081b3e4b1c76f74bb7fe6f9bb5868ad) Importer(815301076,1909f56bfc062723c751e8b465ee728b)  -> (artifact id: 'a9e7a7fb1cdd71811468f9a7ac24ffb7') in 0.044118 seconds 
========================================================================
Received Import Request.
  Time since last request: 0.000036 seconds.
  path: Assets/umperela/Umbrella.3ds
  artifactKey: Guid(3a071593f3941fd4c876f0480598b89f) Importer(815301076,1909f56bfc062723c751e8b465ee728b)
Start importing Assets/umperela/Umbrella.3ds using Guid(3a071593f3941fd4c876f0480598b89f) Importer(815301076,1909f56bfc062723c751e8b465ee728b)  -> (artifact id: '60a630d813d2cbc56ea5a6f5271963cc') in 0.242748 seconds 
========================================================================
Received Import Request.
  Time since last request: 0.000037 seconds.
  path: Assets/umperela/Umbrella N310310.3DS
  artifactKey: Guid(e14a67c9adbd96b4fb732ad78eff98aa) Importer(815301076,1909f56bfc062723c751e8b465ee728b)
Start importing Assets/umperela/Umbrella N310310.3DS using Guid(e14a67c9adbd96b4fb732ad78eff98aa) Importer(815301076,1909f56bfc062723c751e8b465ee728b)  -> (artifact id: '66af2ac25fdd1947b40a3f4cc0733702') in 0.259061 seconds 
========================================================================
Received Import Request.
  Time since last request: 0.000044 seconds.
  path: Assets/umperela/hImage.png
  artifactKey: Guid(ff657d7f4eeb76149a2d45aeba3f09fb) Importer(815301076,1909f56bfc062723c751e8b465ee728b)
Start importing Assets/umperela/hImage.png using Guid(ff657d7f4eeb76149a2d45aeba3f09fb) Importer(815301076,1909f56bfc062723c751e8b465ee728b)  -> (artifact id: '1943ce6b4cb71d28db5e08c290e5e8d1') in 0.050063 seconds 
========================================================================
Received Import Request.
  Time since last request: 84.546247 seconds.
  path: Assets/MyAssests
  artifactKey: Guid(aa8300e9ba9f5e5489e776618ba082c9) Importer(815301076,1909f56bfc062723c751e8b465ee728b)
Start importing Assets/MyAssests using Guid(aa8300e9ba9f5e5489e776618ba082c9) Importer(815301076,1909f56bfc062723c751e8b465ee728b)  -> (artifact id: '0de60934000cf8b2639f78a1399f6516') in 0.046265 seconds 
========================================================================
Received Import Request.
  Time since last request: 97.517746 seconds.
  path: Assets/New Scene.unity
  artifactKey: Guid(3b859069c24fcf24996b0d801992cf36) Importer(815301076,1909f56bfc062723c751e8b465ee728b)
Start importing Assets/New Scene.unity using Guid(3b859069c24fcf24996b0d801992cf36) Importer(815301076,1909f56bfc062723c751e8b465ee728b)  -> (artifact id: '304f526c9799c73101e20da99d639bc7') in 0.004818 seconds 
========================================================================
Received Import Request.
  Time since last request: 155.815703 seconds.
  path: Assets/Scenes
  artifactKey: Guid(d14fc1d6c6fbbf446bb7928c2b65da13) Importer(815301076,1909f56bfc062723c751e8b465ee728b)
Start importing Assets/Scenes using Guid(d14fc1d6c6fbbf446bb7928c2b65da13) Importer(815301076,1909f56bfc062723c751e8b465ee728b)  -> (artifact id: '6e7d417c330f6b67f1356e1190f86a3f') in 0.008234 seconds 
========================================================================
Received Import Request.
  Time since last request: 1.362379 seconds.
  path: Assets/Scenes/NewScene
  artifactKey: Guid(81c419554c35f3c46ac3bcc631bf07f3) Importer(815301076,1909f56bfc062723c751e8b465ee728b)
Start importing Assets/Scenes/NewScene using Guid(81c419554c35f3c46ac3bcc631bf07f3) Importer(815301076,1909f56bfc062723c751e8b465ee728b)  -> (artifact id: '0853e41715c9b96573813dc90baf4994') in 0.005568 seconds 
========================================================================
Received Import Request.
  Time since last request: 0.982590 seconds.
  path: Assets/Scenes/NewScene/New Scene.unity
  artifactKey: Guid(616e5b55388e0f94bb9dc9b31ad24947) Importer(815301076,1909f56bfc062723c751e8b465ee728b)
Start importing Assets/Scenes/NewScene/New Scene.unity using Guid(616e5b55388e0f94bb9dc9b31ad24947) Importer(815301076,1909f56bfc062723c751e8b465ee728b)  -> (artifact id: '71c3199b0bfb48197445dd61fec7a51b') in 0.036208 seconds 
========================================================================
Received Prepare
Registering precompiled user dll's ...
Registered in 0.011197 seconds.
Begin MonoManager ReloadAssembly
Native extension for UWP target not found
Native extension for WindowsStandalone target not found
Refreshing native plugins compatible for Editor in 2.40 ms, found 2 plugins.
Preloading 0 native plugins for Editor in 0.00 ms.
Mono: successfully reloaded assembly
- Completed reload, in  4.877 seconds
Domain Reload Profiling:
	ReloadAssembly (4879ms)
		BeginReloadAssembly (399ms)
			ExecutionOrderSort (0ms)
			DisableScriptedObjects (13ms)
			BackupInstance (0ms)
			ReleaseScriptingObjects (0ms)
			CreateAndSetChildDomain (108ms)
		EndReloadAssembly (4034ms)
			LoadAssemblies (246ms)
			RebuildTransferFunctionScriptingTraits (0ms)
			SetupTypeCache (637ms)
			ReleaseScriptCaches (2ms)
			RebuildScriptCaches (168ms)
			SetupLoadedEditorAssemblies (2401ms)
				LogAssemblyErrors (0ms)
				InitializePlatformSupportModulesInManaged (195ms)
				SetLoadedEditorAssemblies (7ms)
				RefreshPlugins (3ms)
				BeforeProcessingInitializeOnLoad (453ms)
				ProcessInitializeOnLoadAttributes (1589ms)
				ProcessInitializeOnLoadMethodAttributes (116ms)
				AfterProcessingInitializeOnLoad (36ms)
				EditorAssembliesLoaded (3ms)
			ExecutionOrderSort2 (0ms)
			AwakeInstancesAfterBackupRestoration (23ms)
Platform modules already initialized, skipping
Refreshing native plugins compatible for Editor in 9.69 ms, found 2 plugins.
Preloading 0 native plugins for Editor in 0.00 ms.
Unloading 2177 Unused Serialized files (Serialized files now loaded: 0)
Unloading 15 unused Assets / (95.4 KB). Loaded Objects now: 2728.
Memory consumption went from 109.4 MB to 109.3 MB.
Total: 18.217300 ms (FindLiveObjects: 0.479800 ms CreateObjectMapping: 0.194200 ms MarkObjects: 17.418900 ms  DeleteObjects: 0.121600 ms)

AssetImportParameters requested are different than current active one (requested -> active):
  custom:video-decoder-ogg-theora: a1e56fd34408186e4bbccfd4996cb3dc -> 
  custom:container-muxer-webm: aa71ff27fc2769a1b78a27578f13a17b -> 
  custom:container-demuxer-webm: 4f35f7cbe854078d1ac9338744f61a02 -> 
  custom:video-encoder-webm-vp8: eb34c28f22e8b96e1ab97ce403110664 -> 
  custom:audio-encoder-webm-vorbis: bf7c407c2cedff20999df2af8eb42d56 -> 
  custom:framework-win-MediaFoundation: 216162199b28c13a410421893ffa2e32 -> 
  custom:container-demuxer-ogg: 62fdf1f143b41e24485cea50d1cbac27 -> 
  custom:video-decoder-webm-vp8: 9c59270c3fd7afecdb556c50c9e8de78 -> 
  custom:audio-decoder-ogg-vorbis: bf7c407c2cedff20999df2af8eb42d56 -> 
========================================================================
Received Import Request.
  Time since last request: 145.808054 seconds.
  path: Assets/Scenes/testScene
  artifactKey: Guid(3a6a029c6445dff44a4e3aefcc9b1214) Importer(815301076,1909f56bfc062723c751e8b465ee728b)
Start importing Assets/Scenes/testScene using Guid(3a6a029c6445dff44a4e3aefcc9b1214) Importer(815301076,1909f56bfc062723c751e8b465ee728b)  -> (artifact id: 'bbd45bc29c635b0a625a7f8267766038') in 0.087385 seconds 
========================================================================
Received Import Request.
  Time since last request: 1.152159 seconds.
  path: Assets/Scenes/NewScene/New Scene.unity
  artifactKey: Guid(616e5b55388e0f94bb9dc9b31ad24947) Importer(815301076,1909f56bfc062723c751e8b465ee728b)
Start importing Assets/Scenes/NewScene/New Scene.unity using Guid(616e5b55388e0f94bb9dc9b31ad24947) Importer(815301076,1909f56bfc062723c751e8b465ee728b)  -> (artifact id: '102969bb336542b9fe9d1fb231208c44') in 0.020503 seconds 
========================================================================
Received Prepare
Registering precompiled user dll's ...
Registered in 0.007005 seconds.
Begin MonoManager ReloadAssembly
Native extension for UWP target not found
Native extension for WindowsStandalone target not found
Refreshing native plugins compatible for Editor in 1.26 ms, found 2 plugins.
Preloading 0 native plugins for Editor in 0.00 ms.
Mono: successfully reloaded assembly
- Completed reload, in  5.383 seconds
Domain Reload Profiling:
	ReloadAssembly (5384ms)
		BeginReloadAssembly (518ms)
			ExecutionOrderSort (0ms)
			DisableScriptedObjects (11ms)
			BackupInstance (0ms)
			ReleaseScriptingObjects (0ms)
			CreateAndSetChildDomain (130ms)
		EndReloadAssembly (4507ms)
			LoadAssemblies (357ms)
			RebuildTransferFunctionScriptingTraits (0ms)
			SetupTypeCache (689ms)
			ReleaseScriptCaches (2ms)
			RebuildScriptCaches (145ms)
			SetupLoadedEditorAssemblies (3170ms)
				LogAssemblyErrors (0ms)
				InitializePlatformSupportModulesInManaged (52ms)
				SetLoadedEditorAssemblies (2ms)
				RefreshPlugins (1ms)
				BeforeProcessingInitializeOnLoad (490ms)
				ProcessInitializeOnLoadAttributes (2454ms)
				ProcessInitializeOnLoadMethodAttributes (127ms)
				AfterProcessingInitializeOnLoad (42ms)
				EditorAssembliesLoaded (1ms)
			ExecutionOrderSort2 (0ms)
			AwakeInstancesAfterBackupRestoration (21ms)
Platform modules already initialized, skipping
Refreshing native plugins compatible for Editor in 11.67 ms, found 2 plugins.
Preloading 0 native plugins for Editor in 0.00 ms.
Unloading 2177 Unused Serialized files (Serialized files now loaded: 0)
Unloading 15 unused Assets / (95.5 KB). Loaded Objects now: 2743.
Memory consumption went from 109.4 MB to 109.3 MB.
Total: 30.183300 ms (FindLiveObjects: 0.988100 ms CreateObjectMapping: 0.521800 ms MarkObjects: 27.886800 ms  DeleteObjects: 0.632500 ms)

AssetImportParameters requested are different than current active one (requested -> active):
  custom:video-decoder-ogg-theora: a1e56fd34408186e4bbccfd4996cb3dc -> 
  custom:container-muxer-webm: aa71ff27fc2769a1b78a27578f13a17b -> 
  custom:container-demuxer-webm: 4f35f7cbe854078d1ac9338744f61a02 -> 
  custom:video-encoder-webm-vp8: eb34c28f22e8b96e1ab97ce403110664 -> 
  custom:audio-encoder-webm-vorbis: bf7c407c2cedff20999df2af8eb42d56 -> 
  custom:framework-win-MediaFoundation: 216162199b28c13a410421893ffa2e32 -> 
  custom:container-demuxer-ogg: 62fdf1f143b41e24485cea50d1cbac27 -> 
  custom:video-decoder-webm-vp8: 9c59270c3fd7afecdb556c50c9e8de78 -> 
  custom:audio-decoder-ogg-vorbis: bf7c407c2cedff20999df2af8eb42d56 -> 
========================================================================
Received Import Request.
  Time since last request: 570.092403 seconds.
  path: Assets/MyAssests/GROUND.prefab
  artifactKey: Guid(3e64b626bd68708419d1a5189c1f3ab9) Importer(815301076,1909f56bfc062723c751e8b465ee728b)
Start importing Assets/MyAssests/GROUND.prefab using Guid(3e64b626bd68708419d1a5189c1f3ab9) Importer(815301076,1909f56bfc062723c751e8b465ee728b)  -> (artifact id: '6effca1cf8c951eb2c0e64d5e187d1b3') in 0.245789 seconds 
========================================================================
Received Import Request.
  Time since last request: 0.000079 seconds.
  path: Assets/MyAssests/stone fence.prefab
  artifactKey: Guid(8dd2856e23430ca4fb00abcde1ecc757) Importer(815301076,1909f56bfc062723c751e8b465ee728b)
Start importing Assets/MyAssests/stone fence.prefab using Guid(8dd2856e23430ca4fb00abcde1ecc757) Importer(815301076,1909f56bfc062723c751e8b465ee728b)  -> (artifact id: 'f03e43615c49a1251ef1e89194b3a62a') in 0.153434 seconds 
========================================================================
Received Import Request.
  Time since last request: 0.000114 seconds.
  path: Assets/MyAssests/grounded fence.prefab
  artifactKey: Guid(5ab3a91623cc52646861f989d617256e) Importer(815301076,1909f56bfc062723c751e8b465ee728b)
Start importing Assets/MyAssests/grounded fence.prefab using Guid(5ab3a91623cc52646861f989d617256e) Importer(815301076,1909f56bfc062723c751e8b465ee728b)  -> (artifact id: '7a2fef302d4da50fa83049d4819a04e4') in 0.120538 seconds 
========================================================================
Received Import Request.
  Time since last request: 0.000037 seconds.
  path: Assets/MyAssests/Long Fence.prefab
  artifactKey: Guid(269bcaf6c54fb2e4d803c63d6a94b766) Importer(815301076,1909f56bfc062723c751e8b465ee728b)
Start importing Assets/MyAssests/Long Fence.prefab using Guid(269bcaf6c54fb2e4d803c63d6a94b766) Importer(815301076,1909f56bfc062723c751e8b465ee728b)  -> (artifact id: '57079ddae7c5d155c4775130a1292f2e') in 0.108494 seconds 
========================================================================
Received Import Request.
  Time since last request: 0.000054 seconds.
  path: Assets/MyAssests/Walls.prefab
  artifactKey: Guid(c2a1b9d316e8deb418a81e1b28bfd01f) Importer(815301076,1909f56bfc062723c751e8b465ee728b)
Start importing Assets/MyAssests/Walls.prefab using Guid(c2a1b9d316e8deb418a81e1b28bfd01f) Importer(815301076,1909f56bfc062723c751e8b465ee728b)  -> (artifact id: '42ec7a2f6ec1916a16ceee6a8105e65f') in 0.300730 seconds 
========================================================================
Received Import Request.
  Time since last request: 0.000053 seconds.
  path: Assets/MyAssests/low.prefab
  artifactKey: Guid(4b5ed95a61f596b4e991be3e3714a233) Importer(815301076,1909f56bfc062723c751e8b465ee728b)
Start importing Assets/MyAssests/low.prefab using Guid(4b5ed95a61f596b4e991be3e3714a233) Importer(815301076,1909f56bfc062723c751e8b465ee728b)  -> (artifact id: 'af3c942f4e134ed4989a0cfe937535e6') in 0.048703 seconds 
========================================================================
Received Prepare
Registering precompiled user dll's ...
Registered in 0.011293 seconds.
Begin MonoManager ReloadAssembly
Native extension for UWP target not found
Native extension for WindowsStandalone target not found
Refreshing native plugins compatible for Editor in 1.27 ms, found 2 plugins.
Preloading 0 native plugins for Editor in 0.00 ms.
Mono: successfully reloaded assembly
- Completed reload, in  5.516 seconds
Domain Reload Profiling:
	ReloadAssembly (5520ms)
		BeginReloadAssembly (303ms)
			ExecutionOrderSort (0ms)
			DisableScriptedObjects (12ms)
			BackupInstance (0ms)
			ReleaseScriptingObjects (0ms)
			CreateAndSetChildDomain (77ms)
		EndReloadAssembly (4855ms)
			LoadAssemblies (237ms)
			RebuildTransferFunctionScriptingTraits (0ms)
			SetupTypeCache (1556ms)
			ReleaseScriptCaches (3ms)
			RebuildScriptCaches (160ms)
			SetupLoadedEditorAssemblies (2661ms)
				LogAssemblyErrors (0ms)
				InitializePlatformSupportModulesInManaged (64ms)
				SetLoadedEditorAssemblies (2ms)
				RefreshPlugins (2ms)
				BeforeProcessingInitializeOnLoad (176ms)
				ProcessInitializeOnLoadAttributes (2260ms)
				ProcessInitializeOnLoadMethodAttributes (120ms)
				AfterProcessingInitializeOnLoad (37ms)
				EditorAssembliesLoaded (1ms)
			ExecutionOrderSort2 (0ms)
			AwakeInstancesAfterBackupRestoration (23ms)
Platform modules already initialized, skipping
Refreshing native plugins compatible for Editor in 6.92 ms, found 2 plugins.
Preloading 0 native plugins for Editor in 0.00 ms.
Unloading 2177 Unused Serialized files (Serialized files now loaded: 0)
Unloading 15 unused Assets / (95.3 KB). Loaded Objects now: 2758.
Memory consumption went from 110.1 MB to 110.0 MB.
Total: 14.082400 ms (FindLiveObjects: 0.795900 ms CreateObjectMapping: 0.527300 ms MarkObjects: 12.629800 ms  DeleteObjects: 0.126100 ms)

AssetImportParameters requested are different than current active one (requested -> active):
  custom:video-decoder-ogg-theora: a1e56fd34408186e4bbccfd4996cb3dc -> 
  custom:container-muxer-webm: aa71ff27fc2769a1b78a27578f13a17b -> 
  custom:container-demuxer-webm: 4f35f7cbe854078d1ac9338744f61a02 -> 
  custom:video-encoder-webm-vp8: eb34c28f22e8b96e1ab97ce403110664 -> 
  custom:audio-encoder-webm-vorbis: bf7c407c2cedff20999df2af8eb42d56 -> 
  custom:framework-win-MediaFoundation: 216162199b28c13a410421893ffa2e32 -> 
  custom:container-demuxer-ogg: 62fdf1f143b41e24485cea50d1cbac27 -> 
  custom:video-decoder-webm-vp8: 9c59270c3fd7afecdb556c50c9e8de78 -> 
  custom:audio-decoder-ogg-vorbis: bf7c407c2cedff20999df2af8eb42d56 -> 
========================================================================
Received Prepare
Registering precompiled user dll's ...
Registered in 0.007831 seconds.
Begin MonoManager ReloadAssembly
Native extension for UWP target not found
Native extension for WindowsStandalone target not found
Refreshing native plugins compatible for Editor in 1.50 ms, found 2 plugins.
Preloading 0 native plugins for Editor in 0.00 ms.
Mono: successfully reloaded assembly
- Completed reload, in  4.941 seconds
Domain Reload Profiling:
	ReloadAssembly (4943ms)
		BeginReloadAssembly (460ms)
			ExecutionOrderSort (0ms)
			DisableScriptedObjects (12ms)
			BackupInstance (0ms)
			ReleaseScriptingObjects (0ms)
			CreateAndSetChildDomain (78ms)
		EndReloadAssembly (4042ms)
			LoadAssemblies (367ms)
			RebuildTransferFunctionScriptingTraits (0ms)
			SetupTypeCache (873ms)
			ReleaseScriptCaches (5ms)
			RebuildScriptCaches (165ms)
			SetupLoadedEditorAssemblies (2557ms)
				LogAssemblyErrors (0ms)
				InitializePlatformSupportModulesInManaged (52ms)
				SetLoadedEditorAssemblies (2ms)
				RefreshPlugins (2ms)
				BeforeProcessingInitializeOnLoad (201ms)
				ProcessInitializeOnLoadAttributes (2152ms)
				ProcessInitializeOnLoadMethodAttributes (113ms)
				AfterProcessingInitializeOnLoad (34ms)
				EditorAssembliesLoaded (1ms)
			ExecutionOrderSort2 (0ms)
			AwakeInstancesAfterBackupRestoration (20ms)
Platform modules already initialized, skipping
Refreshing native plugins compatible for Editor in 11.10 ms, found 2 plugins.
Preloading 0 native plugins for Editor in 0.00 ms.
Unloading 2177 Unused Serialized files (Serialized files now loaded: 0)
Unloading 15 unused Assets / (95.3 KB). Loaded Objects now: 2773.
Memory consumption went from 110.1 MB to 110.0 MB.
Total: 28.028100 ms (FindLiveObjects: 0.480500 ms CreateObjectMapping: 0.265600 ms MarkObjects: 26.780600 ms  DeleteObjects: 0.498100 ms)

AssetImportParameters requested are different than current active one (requested -> active):
  custom:video-decoder-ogg-theora: a1e56fd34408186e4bbccfd4996cb3dc -> 
  custom:container-muxer-webm: aa71ff27fc2769a1b78a27578f13a17b -> 
  custom:container-demuxer-webm: 4f35f7cbe854078d1ac9338744f61a02 -> 
  custom:video-encoder-webm-vp8: eb34c28f22e8b96e1ab97ce403110664 -> 
  custom:audio-encoder-webm-vorbis: bf7c407c2cedff20999df2af8eb42d56 -> 
  custom:framework-win-MediaFoundation: 216162199b28c13a410421893ffa2e32 -> 
  custom:container-demuxer-ogg: 62fdf1f143b41e24485cea50d1cbac27 -> 
  custom:video-decoder-webm-vp8: 9c59270c3fd7afecdb556c50c9e8de78 -> 
  custom:audio-decoder-ogg-vorbis: bf7c407c2cedff20999df2af8eb42d56 -> 
========================================================================
Received Prepare
Registering precompiled user dll's ...
Registered in 0.109962 seconds.
Begin MonoManager ReloadAssembly
Native extension for UWP target not found
Native extension for WindowsStandalone target not found
Refreshing native plugins compatible for Editor in 1.51 ms, found 2 plugins.
Preloading 0 native plugins for Editor in 0.00 ms.
Mono: successfully reloaded assembly
- Completed reload, in  7.862 seconds
Domain Reload Profiling:
	ReloadAssembly (7864ms)
		BeginReloadAssembly (545ms)
			ExecutionOrderSort (0ms)
			DisableScriptedObjects (17ms)
			BackupInstance (0ms)
			ReleaseScriptingObjects (0ms)
			CreateAndSetChildDomain (91ms)
		EndReloadAssembly (6032ms)
			LoadAssemblies (482ms)
			RebuildTransferFunctionScriptingTraits (0ms)
			SetupTypeCache (1534ms)
			ReleaseScriptCaches (3ms)
			RebuildScriptCaches (189ms)
			SetupLoadedEditorAssemblies (2875ms)
				LogAssemblyErrors (0ms)
				InitializePlatformSupportModulesInManaged (118ms)
				SetLoadedEditorAssemblies (3ms)
				RefreshPlugins (2ms)
				BeforeProcessingInitializeOnLoad (368ms)
				ProcessInitializeOnLoadAttributes (1757ms)
				ProcessInitializeOnLoadMethodAttributes (175ms)
				AfterProcessingInitializeOnLoad (451ms)
				EditorAssembliesLoaded (1ms)
			ExecutionOrderSort2 (0ms)
			AwakeInstancesAfterBackupRestoration (46ms)
Platform modules already initialized, skipping
Refreshing native plugins compatible for Editor in 10.70 ms, found 2 plugins.
Preloading 0 native plugins for Editor in 0.00 ms.
Unloading 2177 Unused Serialized files (Serialized files now loaded: 0)
Unloading 15 unused Assets / (95.3 KB). Loaded Objects now: 2788.
Memory consumption went from 110.0 MB to 109.9 MB.
Total: 78.420200 ms (FindLiveObjects: 6.416000 ms CreateObjectMapping: 0.427200 ms MarkObjects: 71.476500 ms  DeleteObjects: 0.096400 ms)

AssetImportParameters requested are different than current active one (requested -> active):
  custom:video-decoder-ogg-theora: a1e56fd34408186e4bbccfd4996cb3dc -> 
  custom:container-muxer-webm: aa71ff27fc2769a1b78a27578f13a17b -> 
  custom:container-demuxer-webm: 4f35f7cbe854078d1ac9338744f61a02 -> 
  custom:video-encoder-webm-vp8: eb34c28f22e8b96e1ab97ce403110664 -> 
  custom:audio-encoder-webm-vorbis: bf7c407c2cedff20999df2af8eb42d56 -> 
  custom:framework-win-MediaFoundation: 216162199b28c13a410421893ffa2e32 -> 
  custom:container-demuxer-ogg: 62fdf1f143b41e24485cea50d1cbac27 -> 
  custom:video-decoder-webm-vp8: 9c59270c3fd7afecdb556c50c9e8de78 -> 
  custom:audio-decoder-ogg-vorbis: bf7c407c2cedff20999df2af8eb42d56 -> 
========================================================================
Received Prepare
Registering precompiled user dll's ...
Registered in 0.007019 seconds.
Begin MonoManager ReloadAssembly
Native extension for UWP target not found
Native extension for WindowsStandalone target not found
Refreshing native plugins compatible for Editor in 2.90 ms, found 2 plugins.
Preloading 0 native plugins for Editor in 0.00 ms.
Mono: successfully reloaded assembly
- Completed reload, in  5.159 seconds
Domain Reload Profiling:
	ReloadAssembly (5164ms)
		BeginReloadAssembly (428ms)
			ExecutionOrderSort (0ms)
			DisableScriptedObjects (34ms)
			BackupInstance (0ms)
			ReleaseScriptingObjects (0ms)
			CreateAndSetChildDomain (83ms)
		EndReloadAssembly (4318ms)
			LoadAssemblies (270ms)
			RebuildTransferFunctionScriptingTraits (0ms)
			SetupTypeCache (651ms)
			ReleaseScriptCaches (4ms)
			RebuildScriptCaches (180ms)
			SetupLoadedEditorAssemblies (2433ms)
				LogAssemblyErrors (0ms)
				InitializePlatformSupportModulesInManaged (104ms)
				SetLoadedEditorAssemblies (5ms)
				RefreshPlugins (3ms)
				BeforeProcessingInitializeOnLoad (425ms)
				ProcessInitializeOnLoadAttributes (1673ms)
				ProcessInitializeOnLoadMethodAttributes (170ms)
				AfterProcessingInitializeOnLoad (53ms)
				EditorAssembliesLoaded (1ms)
			ExecutionOrderSort2 (0ms)
			AwakeInstancesAfterBackupRestoration (20ms)
Platform modules already initialized, skipping
Refreshing native plugins compatible for Editor in 10.17 ms, found 2 plugins.
Preloading 0 native plugins for Editor in 0.00 ms.
Unloading 2177 Unused Serialized files (Serialized files now loaded: 0)
Unloading 15 unused Assets / (95.4 KB). Loaded Objects now: 2803.
Memory consumption went from 110.1 MB to 110.0 MB.
Total: 21.140500 ms (FindLiveObjects: 0.617100 ms CreateObjectMapping: 0.270900 ms MarkObjects: 19.953900 ms  DeleteObjects: 0.295000 ms)

AssetImportParameters requested are different than current active one (requested -> active):
  custom:video-decoder-ogg-theora: a1e56fd34408186e4bbccfd4996cb3dc -> 
  custom:container-muxer-webm: aa71ff27fc2769a1b78a27578f13a17b -> 
  custom:container-demuxer-webm: 4f35f7cbe854078d1ac9338744f61a02 -> 
  custom:video-encoder-webm-vp8: eb34c28f22e8b96e1ab97ce403110664 -> 
  custom:audio-encoder-webm-vorbis: bf7c407c2cedff20999df2af8eb42d56 -> 
  custom:framework-win-MediaFoundation: 216162199b28c13a410421893ffa2e32 -> 
  custom:container-demuxer-ogg: 62fdf1f143b41e24485cea50d1cbac27 -> 
  custom:video-decoder-webm-vp8: 9c59270c3fd7afecdb556c50c9e8de78 -> 
  custom:audio-decoder-ogg-vorbis: bf7c407c2cedff20999df2af8eb42d56 -> 
